2021-09-27 15:41:24,489 INFO o.a.j.u.JMeterUtils: Setting Locale to en_EN
2021-09-27 15:41:24,522 INFO o.a.j.JMeter: Loading user properties from: /usr/local/Cellar/jmeter/5.4.1/libexec/bin/user.properties
2021-09-27 15:41:24,523 INFO o.a.j.JMeter: Loading system properties from: /usr/local/Cellar/jmeter/5.4.1/libexec/bin/system.properties
2021-09-27 15:41:24,530 INFO o.a.j.JMeter: Copyright (c) 1998-2021 The Apache Software Foundation
2021-09-27 15:41:24,530 INFO o.a.j.JMeter: Version 5.4.1
2021-09-27 15:41:24,530 INFO o.a.j.JMeter: java.version=17
2021-09-27 15:41:24,530 INFO o.a.j.JMeter: java.vm.name=OpenJDK 64-Bit Server VM
2021-09-27 15:41:24,530 INFO o.a.j.JMeter: os.name=Mac OS X
2021-09-27 15:41:24,530 INFO o.a.j.JMeter: os.arch=x86_64
2021-09-27 15:41:24,530 INFO o.a.j.JMeter: os.version=11.5.2
2021-09-27 15:41:24,530 INFO o.a.j.JMeter: file.encoding=UTF-8
2021-09-27 15:41:24,531 INFO o.a.j.JMeter: java.awt.headless=null
2021-09-27 15:41:24,531 INFO o.a.j.JMeter: Max memory     =1073741824
2021-09-27 15:41:24,531 INFO o.a.j.JMeter: Available Processors =12
2021-09-27 15:41:24,540 INFO o.a.j.JMeter: Default Locale=English (EN)
2021-09-27 15:41:24,541 INFO o.a.j.JMeter: JMeter  Locale=English (EN)
2021-09-27 15:41:24,541 INFO o.a.j.JMeter: JMeterHome=/usr/local/Cellar/jmeter/5.4.1/libexec
2021-09-27 15:41:24,541 INFO o.a.j.JMeter: user.dir  =/Users/mike.smithecs.co.uk/code/hackathon
2021-09-27 15:41:24,541 INFO o.a.j.JMeter: PWD       =/Users/mike.smithecs.co.uk/code/hackathon
2021-09-27 15:41:24,547 INFO o.a.j.JMeter: IP: 192.168.10.195 Name: C02G7595MD6M FullName: 192.168.10.195
2021-09-27 15:41:25,193 INFO o.a.j.JMeter: Setting LAF to: laf:javax.swing.plaf.metal.MetalLookAndFeel
2021-09-27 15:41:26,197 INFO o.a.j.JMeter: Loaded icon properties from org/apache/jmeter/images/icon.properties
2021-09-27 15:41:27,347 INFO o.j.r.JARSourceHTTP: Found cached repo
2021-09-27 15:41:27,499 INFO o.j.r.PluginManager: Plugins Status: [jpgc-plugins-manager=1.6, jmeter-core=5.4.1, jmeter-ftp=5.4.1, jmeter-http=5.4.1, jmeter-jdbc=5.4.1, jmeter-jms=5.4.1, jmeter-junit=5.4.1, jmeter-java=5.4.1, jmeter-ldap=5.4.1, jmeter-mail=5.4.1, jmeter-mongodb=5.4.1, jmeter-native=5.4.1, jmeter-tcp=5.4.1, jmeter-components=5.4.1]
2021-09-27 15:41:52,910 INFO o.a.j.s.FileServer: Default base='/Users/mike.smithecs.co.uk/code/hackathon'
2021-09-27 15:41:52,911 INFO o.a.j.s.FileServer: Set new base='/Users/mike.smithecs.co.uk/code/hackathon'
2021-09-27 15:41:53,070 INFO o.a.j.s.SaveService: Testplan (JMX) version: 2.2. Testlog (JTL) version: 2.2
2021-09-27 15:41:53,081 INFO o.a.j.s.SaveService: Using SaveService properties version 5.0
2021-09-27 15:41:53,083 INFO o.a.j.s.SaveService: Using SaveService properties file encoding UTF-8
2021-09-27 15:42:04,445 INFO o.a.j.p.h.s.HTTPSamplerBase: Parser for text/html is org.apache.jmeter.protocol.http.parser.LagartoBasedHtmlParser
2021-09-27 15:42:04,446 INFO o.a.j.p.h.s.HTTPSamplerBase: Parser for application/xhtml+xml is org.apache.jmeter.protocol.http.parser.LagartoBasedHtmlParser
2021-09-27 15:42:04,446 INFO o.a.j.p.h.s.HTTPSamplerBase: Parser for application/xml is org.apache.jmeter.protocol.http.parser.LagartoBasedHtmlParser
2021-09-27 15:42:04,446 INFO o.a.j.p.h.s.HTTPSamplerBase: Parser for text/xml is org.apache.jmeter.protocol.http.parser.LagartoBasedHtmlParser
2021-09-27 15:42:04,446 INFO o.a.j.p.h.s.HTTPSamplerBase: Parser for text/vnd.wap.wml is org.apache.jmeter.protocol.http.parser.RegexpHTMLParser
2021-09-27 15:42:04,446 INFO o.a.j.p.h.s.HTTPSamplerBase: Parser for text/css is org.apache.jmeter.protocol.http.parser.CssParser
2021-09-27 15:42:34,238 INFO o.a.j.e.StandardJMeterEngine: Running the test!
2021-09-27 15:42:34,238 INFO o.a.j.s.SampleEvent: List of sample_variables: []
2021-09-27 15:42:34,238 INFO o.a.j.s.SampleEvent: List of sample_variables: []
2021-09-27 15:42:34,240 INFO o.a.j.e.u.CompoundVariable: Note: Function class names must contain the string: '.functions.'
2021-09-27 15:42:34,240 INFO o.a.j.e.u.CompoundVariable: Note: Function class names must not contain the string: '.gui.'
2021-09-27 15:42:34,269 INFO o.a.j.g.u.JMeterMenuBar: setRunning(true, *local*)
2021-09-27 15:42:34,294 INFO o.a.j.e.StandardJMeterEngine: Starting ThreadGroup: 1 : Thread Group
2021-09-27 15:42:34,294 INFO o.a.j.e.StandardJMeterEngine: Starting 1 threads for group Thread Group.
2021-09-27 15:42:34,294 INFO o.a.j.e.StandardJMeterEngine: Thread will continue on error
2021-09-27 15:42:34,295 INFO o.a.j.t.ThreadGroup: Starting thread group... number=1 threads=1 ramp-up=1 delayedStart=false
2021-09-27 15:42:34,297 INFO o.a.j.t.ThreadGroup: Started thread group number 1
2021-09-27 15:42:34,297 INFO o.a.j.e.StandardJMeterEngine: All thread groups have been started
2021-09-27 15:42:34,297 INFO o.a.j.t.JMeterThread: Thread started: Thread Group 1-1
2021-09-27 15:42:34,305 INFO o.a.j.p.h.s.HTTPHCAbstractImpl: Local host = C02G7595MD6M
2021-09-27 15:42:34,310 INFO o.a.j.p.h.s.HTTPHC4Impl: HTTP request retry count = 0
2021-09-27 15:42:34,311 INFO o.a.j.s.SampleResult: Note: Sample TimeStamps are START times
2021-09-27 15:42:34,311 INFO o.a.j.s.SampleResult: sampleresult.default.encoding is set to ISO-8859-1
2021-09-27 15:42:34,312 INFO o.a.j.s.SampleResult: sampleresult.useNanoTime=true
2021-09-27 15:42:34,312 INFO o.a.j.s.SampleResult: sampleresult.nanoThreadSleep=5000
2021-09-27 15:42:35,353 INFO o.a.j.t.JMeterThread: Thread is done: Thread Group 1-1
2021-09-27 15:42:35,353 INFO o.a.j.t.JMeterThread: Thread finished: Thread Group 1-1
2021-09-27 15:42:35,353 INFO o.a.j.e.StandardJMeterEngine: Notifying test listeners of end of test
2021-09-27 15:42:35,354 INFO o.a.j.g.u.JMeterMenuBar: setRunning(false, *local*)
2021-09-27 15:44:28,459 INFO o.a.j.e.StandardJMeterEngine: Running the test!
2021-09-27 15:44:28,460 INFO o.a.j.s.SampleEvent: List of sample_variables: []
2021-09-27 15:44:28,460 INFO o.a.j.g.u.JMeterMenuBar: setRunning(true, *local*)
2021-09-27 15:44:28,508 INFO o.a.j.e.StandardJMeterEngine: Starting ThreadGroup: 1 : Thread Group
2021-09-27 15:44:28,508 INFO o.a.j.e.StandardJMeterEngine: Starting 1 threads for group Thread Group.
2021-09-27 15:44:28,508 INFO o.a.j.e.StandardJMeterEngine: Thread will continue on error
2021-09-27 15:44:28,509 INFO o.a.j.t.ThreadGroup: Starting thread group... number=1 threads=1 ramp-up=1 delayedStart=false
2021-09-27 15:44:28,509 INFO o.a.j.t.ThreadGroup: Started thread group number 1
2021-09-27 15:44:28,510 INFO o.a.j.e.StandardJMeterEngine: All thread groups have been started
2021-09-27 15:44:28,510 INFO o.a.j.t.JMeterThread: Thread started: Thread Group 1-1
2021-09-27 15:44:29,514 INFO o.a.j.t.JMeterThread: Thread is done: Thread Group 1-1
2021-09-27 15:44:29,514 INFO o.a.j.t.JMeterThread: Thread finished: Thread Group 1-1
2021-09-27 15:44:29,514 INFO o.a.j.e.StandardJMeterEngine: Notifying test listeners of end of test
2021-09-27 15:44:29,515 INFO o.a.j.g.u.JMeterMenuBar: setRunning(false, *local*)
2021-09-27 15:46:15,870 INFO o.a.j.v.ViewResultsFullVisualizer: Add JavaFX to your Java installation if you want to use renderer: org.apache.jmeter.visualizers.RenderInBrowser
2021-09-27 15:46:20,503 INFO o.a.j.e.StandardJMeterEngine: Running the test!
2021-09-27 15:46:20,503 INFO o.a.j.s.SampleEvent: List of sample_variables: []
2021-09-27 15:46:20,504 INFO o.a.j.g.u.JMeterMenuBar: setRunning(true, *local*)
2021-09-27 15:46:20,535 INFO o.a.j.e.StandardJMeterEngine: Starting ThreadGroup: 1 : Thread Group
2021-09-27 15:46:20,536 INFO o.a.j.e.StandardJMeterEngine: Starting 1 threads for group Thread Group.
2021-09-27 15:46:20,536 INFO o.a.j.e.StandardJMeterEngine: Thread will continue on error
2021-09-27 15:46:20,536 INFO o.a.j.t.ThreadGroup: Starting thread group... number=1 threads=1 ramp-up=1 delayedStart=false
2021-09-27 15:46:20,536 INFO o.a.j.t.ThreadGroup: Started thread group number 1
2021-09-27 15:46:20,537 INFO o.a.j.e.StandardJMeterEngine: All thread groups have been started
2021-09-27 15:46:20,537 INFO o.a.j.t.JMeterThread: Thread started: Thread Group 1-1
2021-09-27 15:46:21,541 INFO o.a.j.t.JMeterThread: Thread is done: Thread Group 1-1
2021-09-27 15:46:21,541 INFO o.a.j.t.JMeterThread: Thread finished: Thread Group 1-1
2021-09-27 15:46:21,541 INFO o.a.j.e.StandardJMeterEngine: Notifying test listeners of end of test
2021-09-27 15:46:21,541 INFO o.a.j.g.u.JMeterMenuBar: setRunning(false, *local*)
2021-09-27 15:47:00,618 INFO o.a.j.e.StandardJMeterEngine: Running the test!
2021-09-27 15:47:00,619 INFO o.a.j.s.SampleEvent: List of sample_variables: []
2021-09-27 15:47:00,620 INFO o.a.j.g.u.JMeterMenuBar: setRunning(true, *local*)
2021-09-27 15:47:00,649 INFO o.a.j.e.StandardJMeterEngine: Starting ThreadGroup: 1 : Thread Group
2021-09-27 15:47:00,650 INFO o.a.j.e.StandardJMeterEngine: Starting 1 threads for group Thread Group.
2021-09-27 15:47:00,650 INFO o.a.j.e.StandardJMeterEngine: Thread will continue on error
2021-09-27 15:47:00,650 INFO o.a.j.t.ThreadGroup: Starting thread group... number=1 threads=1 ramp-up=1 delayedStart=false
2021-09-27 15:47:00,650 INFO o.a.j.t.ThreadGroup: Started thread group number 1
2021-09-27 15:47:00,650 INFO o.a.j.e.StandardJMeterEngine: All thread groups have been started
2021-09-27 15:47:00,650 INFO o.a.j.t.JMeterThread: Thread started: Thread Group 1-1
2021-09-27 15:47:00,779 INFO o.a.j.t.JMeterThread: Thread is done: Thread Group 1-1
2021-09-27 15:47:00,779 INFO o.a.j.t.JMeterThread: Thread finished: Thread Group 1-1
2021-09-27 15:47:00,780 INFO o.a.j.e.StandardJMeterEngine: Notifying test listeners of end of test
2021-09-27 15:47:00,780 INFO o.a.j.g.u.JMeterMenuBar: setRunning(false, *local*)
2021-09-27 15:47:43,974 INFO o.a.j.e.StandardJMeterEngine: Running the test!
2021-09-27 15:47:43,974 INFO o.a.j.s.SampleEvent: List of sample_variables: []
2021-09-27 15:47:43,975 INFO o.a.j.g.u.JMeterMenuBar: setRunning(true, *local*)
2021-09-27 15:47:44,006 INFO o.a.j.e.StandardJMeterEngine: Starting ThreadGroup: 1 : Thread Group
2021-09-27 15:47:44,006 INFO o.a.j.e.StandardJMeterEngine: Starting 1 threads for group Thread Group.
2021-09-27 15:47:44,006 INFO o.a.j.e.StandardJMeterEngine: Thread will continue on error
2021-09-27 15:47:44,007 INFO o.a.j.t.ThreadGroup: Starting thread group... number=1 threads=1 ramp-up=1 delayedStart=false
2021-09-27 15:47:44,007 INFO o.a.j.t.ThreadGroup: Started thread group number 1
2021-09-27 15:47:44,007 INFO o.a.j.e.StandardJMeterEngine: All thread groups have been started
2021-09-27 15:47:44,007 INFO o.a.j.t.JMeterThread: Thread started: Thread Group 1-1
2021-09-27 15:47:46,047 INFO o.a.j.g.a.Start: Stopping test
2021-09-27 15:47:46,070 INFO o.a.j.t.JMeterThread: Stopping: Thread Group 1-1
2021-09-27 15:47:46,071 INFO o.a.j.t.JMeterThread: Thread finished: Thread Group 1-1
2021-09-27 15:47:46,071 INFO o.a.j.e.StandardJMeterEngine: Notifying test listeners of end of test
2021-09-27 15:47:46,071 INFO o.a.j.g.u.JMeterMenuBar: setRunning(false, *local*)
2021-09-27 15:47:52,072 INFO o.a.j.e.StandardJMeterEngine: Running the test!
2021-09-27 15:47:52,073 INFO o.a.j.s.SampleEvent: List of sample_variables: []
2021-09-27 15:47:52,073 INFO o.a.j.g.u.JMeterMenuBar: setRunning(true, *local*)
2021-09-27 15:47:52,107 INFO o.a.j.e.StandardJMeterEngine: Starting ThreadGroup: 1 : Thread Group
2021-09-27 15:47:52,107 INFO o.a.j.e.StandardJMeterEngine: Starting 1 threads for group Thread Group.
2021-09-27 15:47:52,107 INFO o.a.j.e.StandardJMeterEngine: Thread will continue on error
2021-09-27 15:47:52,107 INFO o.a.j.t.ThreadGroup: Starting thread group... number=1 threads=1 ramp-up=1 delayedStart=false
2021-09-27 15:47:52,107 INFO o.a.j.t.ThreadGroup: Started thread group number 1
2021-09-27 15:47:52,108 INFO o.a.j.e.StandardJMeterEngine: All thread groups have been started
2021-09-27 15:47:52,108 INFO o.a.j.t.JMeterThread: Thread started: Thread Group 1-1
2021-09-27 15:47:55,063 INFO o.a.j.g.a.Start: Stopping test
2021-09-27 15:47:55,080 INFO o.a.j.t.JMeterThread: Thread finished: Thread Group 1-1
2021-09-27 15:47:55,080 INFO o.a.j.t.JMeterThread: Stopping: Thread Group 1-1
2021-09-27 15:47:55,081 INFO o.a.j.e.StandardJMeterEngine: Notifying test listeners of end of test
2021-09-27 15:47:55,081 INFO o.a.j.g.u.JMeterMenuBar: setRunning(false, *local*)
2021-09-27 15:48:39,810 INFO o.a.j.e.StandardJMeterEngine: Running the test!
2021-09-27 15:48:39,811 INFO o.a.j.s.SampleEvent: List of sample_variables: []
2021-09-27 15:48:39,811 INFO o.a.j.g.u.JMeterMenuBar: setRunning(true, *local*)
2021-09-27 15:48:39,845 INFO o.a.j.e.StandardJMeterEngine: Starting ThreadGroup: 1 : Thread Group
2021-09-27 15:48:39,845 INFO o.a.j.e.StandardJMeterEngine: Starting 1 threads for group Thread Group.
2021-09-27 15:48:39,845 INFO o.a.j.e.StandardJMeterEngine: Thread will continue on error
2021-09-27 15:48:39,845 INFO o.a.j.t.ThreadGroup: Starting thread group... number=1 threads=1 ramp-up=1 delayedStart=false
2021-09-27 15:48:39,846 INFO o.a.j.t.ThreadGroup: Started thread group number 1
2021-09-27 15:48:39,846 INFO o.a.j.e.StandardJMeterEngine: All thread groups have been started
2021-09-27 15:48:39,846 INFO o.a.j.t.JMeterThread: Thread started: Thread Group 1-1
2021-09-27 15:48:40,938 INFO o.a.j.s.TestAction: Breaking current loop from element Think Time
2021-09-27 15:48:40,940 INFO o.a.j.t.JMeterThread: Thread is done: Thread Group 1-1
2021-09-27 15:48:40,940 INFO o.a.j.t.JMeterThread: Thread finished: Thread Group 1-1
2021-09-27 15:48:40,941 INFO o.a.j.e.StandardJMeterEngine: Notifying test listeners of end of test
2021-09-27 15:48:40,941 INFO o.a.j.g.u.JMeterMenuBar: setRunning(false, *local*)
2021-09-27 15:48:55,327 INFO o.a.j.e.StandardJMeterEngine: Running the test!
2021-09-27 15:48:55,328 INFO o.a.j.s.SampleEvent: List of sample_variables: []
2021-09-27 15:48:55,328 INFO o.a.j.g.u.JMeterMenuBar: setRunning(true, *local*)
2021-09-27 15:48:55,360 INFO o.a.j.e.StandardJMeterEngine: Starting ThreadGroup: 1 : Thread Group
2021-09-27 15:48:55,360 INFO o.a.j.e.StandardJMeterEngine: Starting 1 threads for group Thread Group.
2021-09-27 15:48:55,361 INFO o.a.j.e.StandardJMeterEngine: Thread will continue on error
2021-09-27 15:48:55,361 INFO o.a.j.t.ThreadGroup: Starting thread group... number=1 threads=1 ramp-up=1 delayedStart=false
2021-09-27 15:48:55,361 INFO o.a.j.t.ThreadGroup: Started thread group number 1
2021-09-27 15:48:55,361 INFO o.a.j.e.StandardJMeterEngine: All thread groups have been started
2021-09-27 15:48:55,361 INFO o.a.j.t.JMeterThread: Thread started: Thread Group 1-1
2021-09-27 15:49:02,684 INFO o.a.j.g.a.Start: Stopping test
2021-09-27 15:49:02,699 INFO o.a.j.t.JMeterThread: Stopping: Thread Group 1-1
2021-09-27 15:49:02,700 WARN o.a.j.t.JMeterThread: Interrupting: Thread Group 1-1 sampler: Think Time
2021-09-27 15:49:02,700 INFO o.a.j.t.JMeterThread: Thread finished: Thread Group 1-1
2021-09-27 15:49:02,700 INFO o.a.j.e.StandardJMeterEngine: Notifying test listeners of end of test
2021-09-27 15:49:02,701 INFO o.a.j.g.u.JMeterMenuBar: setRunning(false, *local*)
2021-09-27 15:49:12,071 INFO o.a.j.e.StandardJMeterEngine: Running the test!
2021-09-27 15:49:12,071 INFO o.a.j.s.SampleEvent: List of sample_variables: []
2021-09-27 15:49:12,072 INFO o.a.j.g.u.JMeterMenuBar: setRunning(true, *local*)
2021-09-27 15:49:12,107 INFO o.a.j.e.StandardJMeterEngine: Starting ThreadGroup: 1 : Thread Group
2021-09-27 15:49:12,107 INFO o.a.j.e.StandardJMeterEngine: Starting 1 threads for group Thread Group.
2021-09-27 15:49:12,107 INFO o.a.j.e.StandardJMeterEngine: Thread will continue on error
2021-09-27 15:49:12,107 INFO o.a.j.t.ThreadGroup: Starting thread group... number=1 threads=1 ramp-up=1 delayedStart=false
2021-09-27 15:49:12,108 INFO o.a.j.t.ThreadGroup: Started thread group number 1
2021-09-27 15:49:12,108 INFO o.a.j.e.StandardJMeterEngine: All thread groups have been started
2021-09-27 15:49:12,108 INFO o.a.j.t.JMeterThread: Thread started: Thread Group 1-1
2021-09-27 15:49:20,987 INFO o.a.j.g.a.Start: Stopping test
2021-09-27 15:49:21,003 INFO o.a.j.t.JMeterThread: Stopping: Thread Group 1-1
2021-09-27 15:49:21,004 WARN o.a.j.t.JMeterThread: Interrupting: Thread Group 1-1 sampler: Think Time
2021-09-27 15:49:21,004 INFO o.a.j.t.JMeterThread: Thread finished: Thread Group 1-1
2021-09-27 15:49:21,004 INFO o.a.j.e.StandardJMeterEngine: Notifying test listeners of end of test
2021-09-27 15:49:21,004 INFO o.a.j.g.u.JMeterMenuBar: setRunning(false, *local*)
