********************************************************************************
product = WebSphere Application Server 21.0.0.3 (wlp-1.0.50.cl210320210309-1101)
wlp.install.dir = /Users/mike.smithecs.co.uk/code/hackathon/target/liberty/wlp/
java.home = /usr/local/Cellar/openjdk/16.0.2/libexec/openjdk.jdk/Contents/Home
java.version = 16.0.2
java.runtime = OpenJDK Runtime Environment (16.0.2+0)
os = Mac OS X (11.5.2; x86_64) (en_GB)
process = 9101@C02G7595MD6M
********************************************************************************
[27/09/2021, 14:45:06:203 BST] 00000001 com.ibm.ws.kernel.launch.internal.FrameworkManager           A CWWKE0001I: The server hackathon has been launched.
[27/09/2021, 14:45:06:235 BST] 00000001 com.ibm.ws.kernel.launch.internal.FrameworkManager           A CWWKE0100I: This product is licensed for development, and limited production use. The full license terms can be viewed here: https://public.dhe.ibm.com/ibmdl/export/pub/software/websphere/wasdev/license/base_ilan/ilan/21.0.0.3/lafiles/en.html
[27/09/2021, 14:45:06:599 BST] 00000001 com.ibm.ws.kernel.launch.internal.FrameworkManager           I CWWKE0002I: The kernel started after 0.573 seconds
[27/09/2021, 14:45:06:600 BST] 00000023 com.ibm.ws.kernel.feature.internal.FeatureManager            I CWWKF0007I: Feature update started.
[27/09/2021, 14:45:06:602 BST] 00000023 com.ibm.ws.kernel.feature.internal.FeatureManager            W CWWKF0009W: The server has not been configured to install any features.
[27/09/2021, 14:45:06:637 BST] 00000023 com.ibm.ws.kernel.feature.internal.FeatureManager            I CWWKF0008I: Feature update completed in 0.038 seconds.
[27/09/2021, 14:45:06:637 BST] 00000023 com.ibm.ws.kernel.feature.internal.FeatureManager            A CWWKF0011I: The hackathon server is ready to run a smarter planet. The hackathon server started in 0.612 seconds.
[27/09/2021, 14:46:45:698 BST] 00000013 com.ibm.ws.kernel.launch.internal.FrameworkManager           A CWWKE0085I: The server hackathon is stopping because the JVM is exiting.
[27/09/2021, 14:46:45:700 BST] 0000003c com.ibm.ws.runtime.update.internal.RuntimeUpdateManagerImpl  A CWWKE1100I: Waiting for up to 30 seconds for the server to quiesce.
[27/09/2021, 14:46:45:706 BST] 0000003c com.ibm.ws.runtime.update.internal.RuntimeUpdateManagerImpl  I CWWKE1101I: Server quiesce complete.
[27/09/2021, 14:46:45:764 BST] 00000001 com.ibm.ws.kernel.launch.internal.FrameworkManager           A CWWKE0036I: The server hackathon stopped after 1 minutes, 39.736 seconds.
